<?xml version="1.0" encoding="UTF-8"?>
<!-- Generated by org.testng.reporters.JUnitReportReporter -->
<testsuite skipped="0" hostname="Development-PC" name="Academy.ValidateNavBar" tests="1" failures="0" timestamp="2020-07-04T21:22:02 IST" time="14.263" errors="0">
  <testcase name="basePageNavigation" time="14.263" classname="Academy.ValidateNavBar"/>
  <system-out/>
</testsuite> <!-- Academy.ValidateNavBar -->
