<?xml version="1.0" encoding="UTF-8"?>
<!-- Generated by org.testng.reporters.JUnitReportReporter -->
<testsuite skipped="0" hostname="Development-PC" name="Academy.HomePage" tests="2" failures="0" timestamp="2020-07-04T21:22:02 IST" time="24.897" errors="0">
  <testcase name="basePageNavigation" time="8.051" classname="Academy.HomePage"/>
  <system-out/>
  <testcase name="basePageNavigation" time="16.846" classname="Academy.HomePage"/>
  <system-out/>
</testsuite> <!-- Academy.HomePage -->
